Release 14.7 - xst P.20131013 (nt64)
Copyright (c) 1995-2013 Xilinx, Inc.  All rights reserved.
--> Parameter TMPDIR set to xst/projnav.tmp


Total REAL time to Xst completion: 0.00 secs
Total CPU time to Xst completion: 0.06 secs
 
--> Parameter xsthdpdir set to xst


Total REAL time to Xst completion: 0.00 secs
Total CPU time to Xst completion: 0.06 secs
 
--> Reading design: diff.prj

TABLE OF CONTENTS
  1) Synthesis Options Summary
  2) HDL Parsing
  3) HDL Elaboration
  4) HDL Synthesis
       4.1) HDL Synthesis Report
  5) Advanced HDL Synthesis
       5.1) Advanced HDL Synthesis Report
  6) Low Level Synthesis
  7) Partition Report
  8) Design Summary
       8.1) Primitive and Black Box Usage
       8.2) Device utilization summary
       8.3) Partition Resource Summary
       8.4) Timing Report
            8.4.1) Clock Information
            8.4.2) Asynchronous Control Signals Information
            8.4.3) Timing Summary
            8.4.4) Timing Details
            8.4.5) Cross Clock Domains Report


=========================================================================
*                      Synthesis Options Summary                        *
=========================================================================
---- Source Parameters
Input File Name                    : "diff.prj"
Ignore Synthesis Constraint File   : NO

---- Target Parameters
Output File Name                   : "diff"
Output Format                      : NGC
Target Device                      : xc7a100t-1-csg324

---- Source Options
Top Module Name                    : diff
Automatic FSM Extraction           : YES
FSM Encoding Algorithm             : Auto
Safe Implementation                : No
FSM Style                          : LUT
RAM Extraction                     : Yes
RAM Style                          : Auto
ROM Extraction                     : Yes
Shift Register Extraction          : YES
ROM Style                          : Auto
Resource Sharing                   : YES
Asynchronous To Synchronous        : NO
Shift Register Minimum Size        : 2
Use DSP Block                      : Auto
Automatic Register Balancing       : No

---- Target Options
LUT Combining                      : Auto
Reduce Control Sets                : Auto
Add IO Buffers                     : YES
Global Maximum Fanout              : 100000
Add Generic Clock Buffer(BUFG)     : 32
Register Duplication               : YES
Optimize Instantiated Primitives   : NO
Use Clock Enable                   : Auto
Use Synchronous Set                : Auto
Use Synchronous Reset              : Auto
Pack IO Registers into IOBs        : Auto
Equivalent register Removal        : YES

---- General Options
Optimization Goal                  : Speed
Optimization Effort                : 1
Power Reduction                    : NO
Keep Hierarchy                     : No
Netlist Hierarchy                  : As_Optimized
RTL Output                         : Yes
Global Optimization                : AllClockNets
Read Cores                         : YES
Write Timing Constraints           : NO
Cross Clock Analysis               : NO
Hierarchy Separator                : /
Bus Delimiter                      : <>
Case Specifier                     : Maintain
Slice Utilization Ratio            : 100
BRAM Utilization Ratio             : 100
DSP48 Utilization Ratio            : 100
Auto BRAM Packing                  : NO
Slice Utilization Ratio Delta      : 5

=========================================================================


=========================================================================
*                          HDL Parsing                                  *
=========================================================================
Analyzing Verilog file "C:\Users\SHIVANI\Desktop\Processor\KGP_RISC\data_path\alu\LCU_4_to_16.v" into library work
Parsing module <LCU_4_to_16>.
Analyzing Verilog file "C:\Users\SHIVANI\Desktop\Processor\KGP_RISC\data_path\alu\cla_4_bit_augmented.v" into library work
Parsing module <cla_4_bit_augmented>.
Analyzing Verilog file "C:\Users\SHIVANI\Desktop\Processor\KGP_RISC\data_path\alu\LCU_16_to_32.v" into library work
Parsing module <LCU_16_to_32>.
Analyzing Verilog file "C:\Users\SHIVANI\Desktop\Processor\KGP_RISC\data_path\alu\cla_16_bit_augmented.v" into library work
Parsing module <cla_16_bit_augmented>.
Analyzing Verilog file "C:\Users\SHIVANI\Desktop\Processor\KGP_RISC\data_path\alu\adder.v" into library work
Parsing module <adder>.
Analyzing Verilog file "C:\Users\SHIVANI\Desktop\Processor\KGP_RISC\data_path\alu\diff.v" into library work
Parsing module <diff>.

=========================================================================
*                            HDL Elaboration                            *
=========================================================================

Elaborating module <diff>.

Elaborating module <adder>.

Elaborating module <cla_16_bit_augmented>.

Elaborating module <cla_4_bit_augmented>.

Elaborating module <LCU_4_to_16>.

Elaborating module <LCU_16_to_32>.

=========================================================================
*                           HDL Synthesis                               *
=========================================================================

Synthesizing Unit <diff>.
    Related source file is "C:\Users\SHIVANI\Desktop\Processor\KGP_RISC\data_path\alu\diff.v".
INFO:Xst:3210 - "C:\Users\SHIVANI\Desktop\Processor\KGP_RISC\data_path\alu\diff.v" line 15: Output port <C32> of the instance <sub1> is unconnected or connected to loadless signal.
INFO:Xst:3210 - "C:\Users\SHIVANI\Desktop\Processor\KGP_RISC\data_path\alu\diff.v" line 20: Output port <C32> of the instance <sub2> is unconnected or connected to loadless signal.
    Summary:
Unit <diff> synthesized.

Synthesizing Unit <adder>.
    Related source file is "C:\Users\SHIVANI\Desktop\Processor\KGP_RISC\data_path\alu\adder.v".
INFO:Xst:3210 - "C:\Users\SHIVANI\Desktop\Processor\KGP_RISC\data_path\alu\adder.v" line 21: Output port <C16> of the instance <cla_aug_1> is unconnected or connected to loadless signal.
INFO:Xst:3210 - "C:\Users\SHIVANI\Desktop\Processor\KGP_RISC\data_path\alu\adder.v" line 22: Output port <C16> of the instance <cla_aug_2> is unconnected or connected to loadless signal.
    Summary:
	no macro.
Unit <adder> synthesized.

Synthesizing Unit <cla_16_bit_augmented>.
    Related source file is "C:\Users\SHIVANI\Desktop\Processor\KGP_RISC\data_path\alu\cla_16_bit_augmented.v".
INFO:Xst:3210 - "C:\Users\SHIVANI\Desktop\Processor\KGP_RISC\data_path\alu\cla_16_bit_augmented.v" line 30: Output port <C4> of the instance <cla_aug_1> is unconnected or connected to loadless signal.
INFO:Xst:3210 - "C:\Users\SHIVANI\Desktop\Processor\KGP_RISC\data_path\alu\cla_16_bit_augmented.v" line 31: Output port <C4> of the instance <cla_aug_2> is unconnected or connected to loadless signal.
INFO:Xst:3210 - "C:\Users\SHIVANI\Desktop\Processor\KGP_RISC\data_path\alu\cla_16_bit_augmented.v" line 32: Output port <C4> of the instance <cla_aug_3> is unconnected or connected to loadless signal.
INFO:Xst:3210 - "C:\Users\SHIVANI\Desktop\Processor\KGP_RISC\data_path\alu\cla_16_bit_augmented.v" line 33: Output port <C4> of the instance <cla_aug_4> is unconnected or connected to loadless signal.
    Summary:
	no macro.
Unit <cla_16_bit_augmented> synthesized.

Synthesizing Unit <cla_4_bit_augmented>.
    Related source file is "C:\Users\SHIVANI\Desktop\Processor\KGP_RISC\data_path\alu\cla_4_bit_augmented.v".
    Summary:
Unit <cla_4_bit_augmented> synthesized.

Synthesizing Unit <LCU_4_to_16>.
    Related source file is "C:\Users\SHIVANI\Desktop\Processor\KGP_RISC\data_path\alu\LCU_4_to_16.v".
    Summary:
	no macro.
Unit <LCU_4_to_16> synthesized.

Synthesizing Unit <LCU_16_to_32>.
    Related source file is "C:\Users\SHIVANI\Desktop\Processor\KGP_RISC\data_path\alu\LCU_16_to_32.v".
    Summary:
	no macro.
Unit <LCU_16_to_32> synthesized.

=========================================================================
HDL Synthesis Report

Macro Statistics
# Xors                                                 : 81
 1-bit xor2                                            : 64
 32-bit xor2                                           : 1
 4-bit xor2                                            : 16

=========================================================================

=========================================================================
*                       Advanced HDL Synthesis                          *
=========================================================================


=========================================================================
Advanced HDL Synthesis Report

Macro Statistics
# Xors                                                 : 81
 1-bit xor2                                            : 64
 32-bit xor2                                           : 1
 4-bit xor2                                            : 16

=========================================================================

=========================================================================
*                         Low Level Synthesis                           *
=========================================================================

Optimizing unit <diff> ...

Optimizing unit <cla_16_bit_augmented> ...

Mapping all equations...
Building and optimizing final netlist ...
Found area constraint ratio of 100 (+ 5) on block diff, actual ratio is 0.

Final Macro Processing ...

=========================================================================
Final Register Report

Found no macro
=========================================================================

=========================================================================
*                           Partition Report                            *
=========================================================================

Partition Implementation Status
-------------------------------

  No Partitions were found in this design.

-------------------------------

=========================================================================
*                            Design Summary                             *
=========================================================================

Top Level Output File Name         : diff.ngc

Primitive and Black Box Usage:
------------------------------
# BELS                             : 208
#      GND                         : 1
#      LUT2                        : 25
#      LUT3                        : 14
#      LUT4                        : 22
#      LUT5                        : 32
#      LUT6                        : 113
#      VCC                         : 1
# IO Buffers                       : 96
#      IBUF                        : 64
#      OBUF                        : 32

Device utilization summary:
---------------------------

Selected Device : 7a100tcsg324-1 


Slice Logic Utilization: 
 Number of Slice LUTs:                  206  out of  63400     0%  
    Number used as Logic:               206  out of  63400     0%  

Slice Logic Distribution: 
 Number of LUT Flip Flop pairs used:    206
   Number with an unused Flip Flop:     206  out of    206   100%  
   Number with an unused LUT:             0  out of    206     0%  
   Number of fully used LUT-FF pairs:     0  out of    206     0%  
   Number of unique control sets:         0

IO Utilization: 
 Number of IOs:                          96
 Number of bonded IOBs:                  96  out of    210    45%  

Specific Feature Utilization:

---------------------------
Partition Resource Summary:
---------------------------

  No Partitions were found in this design.

---------------------------


=========================================================================
Timing Report

NOTE: THESE TIMING NUMBERS ARE ONLY A SYNTHESIS ESTIMATE.
      FOR ACCURATE TIMING INFORMATION PLEASE REFER TO THE TRACE REPORT
      GENERATED AFTER PLACE-and-ROUTE.

Clock Information:
------------------
No clock signals found in this design

Asynchronous Control Signals Information:
----------------------------------------
No asynchronous control signals found in this design

Timing Summary:
---------------
Speed Grade: -1

   Minimum period: No path found
   Minimum input arrival time before clock: No path found
   Maximum output required time after clock: No path found
   Maximum combinational path delay: 18.951ns

Timing Details:
---------------
All values displayed in nanoseconds (ns)

=========================================================================
Timing constraint: Default path analysis
  Total number of paths / destination ports: 2679444 / 6
-------------------------------------------------------------------------
Delay:               18.951ns (Levels of Logic = 24)
  Source:            a<4> (PAD)
  Destination:       pos<5> (PAD)

  Data Path: a<4> to pos<5>
                                Gate     Net
    Cell:in->out      fanout   Delay   Delay  Logical Name (Net Name)
    ----------------------------------------  ------------
     IBUF:I->O             5   0.001   0.563  a_4_IBUF (a_4_IBUF)
     LUT2:I0->O            4   0.124   0.959  x<4>1 (x<4>)
     LUT6:I0->O            4   0.124   0.959  sub1/cla_aug_1/cla_aug_2/P_out1 (sub1/cla_aug_1/P<1>)
     LUT6:I0->O            7   0.124   0.959  sub1/cla_aug_1/L1/C2<1>1 (sub1/cla_aug_1/C2)
     LUT5:I0->O            2   0.124   0.945  sub2/cla_aug_1/cla_aug_3/P_out_SW0 (N2)
     LUT6:I0->O            2   0.124   0.925  sub2/cla_aug_1/cla_aug_3/P_out (sub2/cla_aug_1/P<2>)
     LUT6:I1->O            1   0.124   0.716  sub2/L2/C16_SW0 (N20)
     LUT6:I3->O            5   0.124   0.448  sub2/L2/C16 (sub2/C16)
     LUT6:I5->O            3   0.124   0.435  sub2/cla_aug_2/cla_aug_1/C2<1>1 (sub2/cla_aug_2/cla_aug_1/C2)
     LUT6:I5->O            3   0.124   0.435  sub2/cla_aug_2/L1/C1 (sub2/cla_aug_2/C1)
     LUT6:I5->O            4   0.124   0.441  sub2/cla_aug_2/cla_aug_2/C2<1>1 (sub2/cla_aug_2/cla_aug_2/C2)
     LUT6:I5->O            4   0.124   0.441  sub2/cla_aug_2/L1/C2<1> (sub2/cla_aug_2/C2)
     LUT6:I5->O            1   0.124   0.421  sub2/cla_aug_2/L1/C3<2>5_SW1 (N32)
     LUT6:I5->O            3   0.124   0.435  sub2/cla_aug_2/L1/C3<2>5 (sub2/cla_aug_2/C3)
     LUT6:I5->O            6   0.124   0.569  sub2/cla_aug_2/cla_aug_4/C2<1>1 (sub2/cla_aug_2/cla_aug_4/C2)
     LUT6:I4->O            5   0.124   0.966  sub2/cla_aug_2/cla_aug_4/Mxor_S<3>_xo<0>1 (out<31>)
     LUT6:I0->O            3   0.124   0.790  out[31]_GND_1_o_equal_10_o<31>111 (out[31]_GND_1_o_equal_10_o<31>11)
     LUT6:I2->O            6   0.124   0.809  out[31]_GND_1_o_equal_10_o<31>11 (out[31]_GND_1_o_equal_10_o<31>1)
     LUT6:I2->O            2   0.124   0.782  out[31]_GND_1_o_equal_10_o<31>211 (out[31]_GND_1_o_equal_10_o<31>21)
     LUT4:I0->O            3   0.124   0.933  out[31]_GND_1_o_equal_20_o<31>11 (out[31]_GND_1_o_equal_20_o<31>1)
     LUT6:I1->O            3   0.124   0.953  out[31]_GND_1_o_equal_20_o<31>2 (out[31]_GND_1_o_equal_20_o)
     LUT6:I0->O            1   0.124   0.939  _n01072 (_n01071)
     LUT6:I0->O            1   0.124   0.399  _n010716 (pos_5_OBUF)
     OBUF:I->O                 0.000          pos_5_OBUF (pos<5>)
    ----------------------------------------
    Total                     18.951ns (2.729ns logic, 16.222ns route)
                                       (14.4% logic, 85.6% route)

=========================================================================

Cross Clock Domains Report:
--------------------------

=========================================================================


Total REAL time to Xst completion: 7.00 secs
Total CPU time to Xst completion: 6.88 secs
 
--> 

Total memory usage is 4683952 kilobytes

Number of errors   :    0 (   0 filtered)
Number of warnings :    0 (   0 filtered)
Number of infos    :    8 (   0 filtered)

