ISim log file
Running: C:\Users\SHIVANI\Desktop\Processor\KGP_RISC\data_path\alu\alu_test_isim_beh.exe -intstyle ise -gui -tclbatch isim.cmd -wdb C:/Users/SHIVANI/Desktop/Processor/KGP_RISC/data_path/alu/alu_test_isim_beh.wdb 
ISim P.20131013 (signature 0x7708f090)
WARNING: A WEBPACK license was found.
WARNING: Please use Xilinx License Configuration Manager to check out a full ISim license.
WARNING: ISim will run in Lite mode. Please refer to the ISim documentation for more information on the differences between the Lite and the Full version.
This is a Lite version of ISim.
Time resolution is 1 ps
# onerror resume
# wave add /
# run 1000 ns
Simulator is doing circuit initialization process.
Finished circuit initialization process.
                 100	in1=         0	in2=         0	alu_control=0	out=         0	zero_flag=1	msb_flag=0	carry_flag=0
                 200	in1=         8	in2=         9	alu_control=0	out=        17	zero_flag=0	msb_flag=0	carry_flag=0
                 300	in1=        54	in2=   3240834	alu_control=1	out=4294967242	zero_flag=0	msb_flag=0	carry_flag=0
                 400	in1=         3	in2=         5	alu_control=2	out=        96	zero_flag=0	msb_flag=0	carry_flag=0
                 500	in1=      1023	in2=         3	alu_control=3	out=       127	zero_flag=0	msb_flag=0	carry_flag=0
                 600	in1=4245642666	in2=         5	alu_control=4	out=4293425901	zero_flag=0	msb_flag=1	carry_flag=0
                 700	in1=        23	in2=         7	alu_control=5	out=         4	zero_flag=0	msb_flag=0	carry_flag=0
                 800	in1=         7	in2=         8	alu_control=6	out=         0	zero_flag=0	msb_flag=0	carry_flag=0
                 900	in1=        13	in2=        11	alu_control=7	out=         6	zero_flag=0	msb_flag=0	carry_flag=0
