Release 14.7 - xst P.20131013 (nt64)
Copyright (c) 1995-2013 Xilinx, Inc.  All rights reserved.
--> Parameter TMPDIR set to xst/projnav.tmp


Total REAL time to Xst completion: 0.00 secs
Total CPU time to Xst completion: 0.10 secs
 
--> Parameter xsthdpdir set to xst


Total REAL time to Xst completion: 0.00 secs
Total CPU time to Xst completion: 0.10 secs
 
--> Reading design: wrapper.prj

TABLE OF CONTENTS
  1) Synthesis Options Summary
  2) HDL Parsing
  3) HDL Elaboration
  4) HDL Synthesis
       4.1) HDL Synthesis Report
  5) Advanced HDL Synthesis
       5.1) Advanced HDL Synthesis Report
  6) Low Level Synthesis
  7) Partition Report
  8) Design Summary
       8.1) Primitive and Black Box Usage
       8.2) Device utilization summary
       8.3) Partition Resource Summary
       8.4) Timing Report
            8.4.1) Clock Information
            8.4.2) Asynchronous Control Signals Information
            8.4.3) Timing Summary
            8.4.4) Timing Details
            8.4.5) Cross Clock Domains Report


=========================================================================
*                      Synthesis Options Summary                        *
=========================================================================
---- Source Parameters
Input File Name                    : "wrapper.prj"
Ignore Synthesis Constraint File   : NO

---- Target Parameters
Output File Name                   : "wrapper"
Output Format                      : NGC
Target Device                      : xc7a100t-1-csg324

---- Source Options
Top Module Name                    : wrapper
Automatic FSM Extraction           : YES
FSM Encoding Algorithm             : Auto
Safe Implementation                : No
FSM Style                          : LUT
RAM Extraction                     : Yes
RAM Style                          : Auto
ROM Extraction                     : Yes
Shift Register Extraction          : YES
ROM Style                          : Auto
Resource Sharing                   : YES
Asynchronous To Synchronous        : NO
Shift Register Minimum Size        : 2
Use DSP Block                      : Auto
Automatic Register Balancing       : No

---- Target Options
LUT Combining                      : Auto
Reduce Control Sets                : Auto
Add IO Buffers                     : YES
Global Maximum Fanout              : 100000
Add Generic Clock Buffer(BUFG)     : 32
Register Duplication               : YES
Optimize Instantiated Primitives   : NO
Use Clock Enable                   : Auto
Use Synchronous Set                : Auto
Use Synchronous Reset              : Auto
Pack IO Registers into IOBs        : Auto
Equivalent register Removal        : YES

---- General Options
Optimization Goal                  : Speed
Optimization Effort                : 1
Power Reduction                    : NO
Keep Hierarchy                     : Yes
Netlist Hierarchy                  : As_Optimized
RTL Output                         : Yes
Global Optimization                : AllClockNets
Read Cores                         : YES
Write Timing Constraints           : NO
Cross Clock Analysis               : NO
Hierarchy Separator                : /
Bus Delimiter                      : <>
Case Specifier                     : Maintain
Slice Utilization Ratio            : 100
BRAM Utilization Ratio             : 100
DSP48 Utilization Ratio            : 100
Auto BRAM Packing                  : NO
Slice Utilization Ratio Delta      : 5

=========================================================================


=========================================================================
*                          HDL Parsing                                  *
=========================================================================
Analyzing Verilog file "D:\ISE\assgn5\Q1\up_counter_behavioral.v" into library work
Parsing module <up_counter_behavioral>.
Analyzing Verilog file "D:\ISE\assgn5\Q1\clock_divider.v" into library work
Parsing module <clock_divider>.
Analyzing Verilog file "D:\ISE\assgn5\Q1\wrapper.v" into library work
Parsing module <wrapper>.

=========================================================================
*                            HDL Elaboration                            *
=========================================================================

Elaborating module <wrapper>.

Elaborating module <clock_divider>.

Elaborating module <up_counter_behavioral>.
WARNING:HDLCompiler:413 - "D:\ISE\assgn5\Q1\up_counter_behavioral.v" Line 23: Result of 5-bit expression is truncated to fit in 4-bit target.

=========================================================================
*                           HDL Synthesis                               *
=========================================================================

Synthesizing Unit <wrapper>.
    Related source file is "D:\ISE\assgn5\Q1\wrapper.v".
    Found 4-bit register for signal <cnt_out>.
    Found 1-bit register for signal <clk_div>.
    Summary:
	inferred   5 D-type flip-flop(s).
Unit <wrapper> synthesized.

Synthesizing Unit <clock_divider>.
    Related source file is "D:\ISE\assgn5\Q1\clock_divider.v".
        max_cnt = 2500000
    Found 1-bit register for signal <clk_out>.
    Found 32-bit register for signal <curr_cnt>.
    Found 32-bit adder for signal <curr_cnt[31]_GND_2_o_add_2_OUT> created at line 44.
    Summary:
	inferred   1 Adder/Subtractor(s).
	inferred  33 D-type flip-flop(s).
Unit <clock_divider> synthesized.

Synthesizing Unit <up_counter_behavioral>.
    Related source file is "D:\ISE\assgn5\Q1\up_counter_behavioral.v".
    Found 4-bit adder for signal <cnt_out> created at line 23.
    Summary:
	inferred   1 Adder/Subtractor(s).
Unit <up_counter_behavioral> synthesized.

=========================================================================
HDL Synthesis Report

Macro Statistics
# Adders/Subtractors                                   : 2
 32-bit adder                                          : 1
 4-bit adder                                           : 1
# Registers                                            : 4
 1-bit register                                        : 2
 32-bit register                                       : 1
 4-bit register                                        : 1

=========================================================================

=========================================================================
*                       Advanced HDL Synthesis                          *
=========================================================================


Synthesizing (advanced) Unit <clock_divider>.
The following registers are absorbed into counter <curr_cnt>: 1 register on signal <curr_cnt>.
Unit <clock_divider> synthesized (advanced).

=========================================================================
Advanced HDL Synthesis Report

Macro Statistics
# Adders/Subtractors                                   : 1
 4-bit adder                                           : 1
# Counters                                             : 1
 32-bit up counter                                     : 1
# Registers                                            : 6
 Flip-Flops                                            : 6

=========================================================================

=========================================================================
*                         Low Level Synthesis                           *
=========================================================================

Optimizing unit <wrapper> ...

Optimizing unit <clock_divider> ...

Optimizing unit <up_counter_behavioral> ...
WARNING:Xst:1293 - FF/Latch <curr_cnt_22> has a constant value of 0 in block <cd1>. This FF/Latch will be trimmed during the optimization process.
WARNING:Xst:1293 - FF/Latch <curr_cnt_23> has a constant value of 0 in block <cd1>. This FF/Latch will be trimmed during the optimization process.
WARNING:Xst:1293 - FF/Latch <curr_cnt_24> has a constant value of 0 in block <cd1>. This FF/Latch will be trimmed during the optimization process.
WARNING:Xst:1293 - FF/Latch <curr_cnt_25> has a constant value of 0 in block <cd1>. This FF/Latch will be trimmed during the optimization process.
WARNING:Xst:1293 - FF/Latch <curr_cnt_26> has a constant value of 0 in block <cd1>. This FF/Latch will be trimmed during the optimization process.
WARNING:Xst:1293 - FF/Latch <curr_cnt_27> has a constant value of 0 in block <cd1>. This FF/Latch will be trimmed during the optimization process.
WARNING:Xst:1293 - FF/Latch <curr_cnt_28> has a constant value of 0 in block <cd1>. This FF/Latch will be trimmed during the optimization process.
WARNING:Xst:1293 - FF/Latch <curr_cnt_29> has a constant value of 0 in block <cd1>. This FF/Latch will be trimmed during the optimization process.
WARNING:Xst:1293 - FF/Latch <curr_cnt_30> has a constant value of 0 in block <cd1>. This FF/Latch will be trimmed during the optimization process.
WARNING:Xst:1293 - FF/Latch <curr_cnt_31> has a constant value of 0 in block <cd1>. This FF/Latch will be trimmed during the optimization process.

Mapping all equations...
Building and optimizing final netlist ...
Found area constraint ratio of 100 (+ 5) on block wrapper, actual ratio is 0.

Final Macro Processing ...

=========================================================================
Final Register Report

Macro Statistics
# Registers                                            : 28
 Flip-Flops                                            : 28

=========================================================================

=========================================================================
*                           Partition Report                            *
=========================================================================

Partition Implementation Status
-------------------------------

  No Partitions were found in this design.

-------------------------------

=========================================================================
*                            Design Summary                             *
=========================================================================

Top Level Output File Name         : wrapper.ngc

Primitive and Black Box Usage:
------------------------------
# BELS                             : 89
#      GND                         : 1
#      INV                         : 3
#      LUT1                        : 21
#      LUT2                        : 1
#      LUT3                        : 1
#      LUT4                        : 3
#      LUT5                        : 12
#      LUT6                        : 3
#      MUXCY                       : 21
#      VCC                         : 1
#      XORCY                       : 22
# FlipFlops/Latches                : 28
#      FD                          : 13
#      FDC                         : 4
#      FDR                         : 11
# Clock Buffers                    : 1
#      BUFGP                       : 1
# IO Buffers                       : 5
#      IBUF                        : 1
#      OBUF                        : 4

Device utilization summary:
---------------------------

Selected Device : 7a100tcsg324-1 


Slice Logic Utilization: 
 Number of Slice Registers:              28  out of  126800     0%  
 Number of Slice LUTs:                   44  out of  63400     0%  
    Number used as Logic:                44  out of  63400     0%  

Slice Logic Distribution: 
 Number of LUT Flip Flop pairs used:     49
   Number with an unused Flip Flop:      21  out of     49    42%  
   Number with an unused LUT:             5  out of     49    10%  
   Number of fully used LUT-FF pairs:    23  out of     49    46%  
   Number of unique control sets:         4

IO Utilization: 
 Number of IOs:                           6
 Number of bonded IOBs:                   6  out of    210     2%  

Specific Feature Utilization:
 Number of BUFG/BUFGCTRLs:                1  out of     32     3%  

---------------------------
Partition Resource Summary:
---------------------------

  No Partitions were found in this design.

---------------------------


=========================================================================
Timing Report

NOTE: THESE TIMING NUMBERS ARE ONLY A SYNTHESIS ESTIMATE.
      FOR ACCURATE TIMING INFORMATION PLEASE REFER TO THE TRACE REPORT
      GENERATED AFTER PLACE-and-ROUTE.

Clock Information:
------------------
-----------------------------------+------------------------+-------+
Clock Signal                       | Clock buffer(FF name)  | Load  |
-----------------------------------+------------------------+-------+
clk                                | BUFGP                  | 24    |
clk_div                            | NONE(cnt_out_0)        | 4     |
-----------------------------------+------------------------+-------+
INFO:Xst:2169 - HDL ADVISOR - Some clock signals were not automatically buffered by XST with BUFG/BUFR resources. Please use the buffer_type constraint in order to insert these buffers to the clock signals to help prevent skew problems.

Asynchronous Control Signals Information:
----------------------------------------
No asynchronous control signals found in this design

Timing Summary:
---------------
Speed Grade: -1

   Minimum period: 3.426ns (Maximum Frequency: 291.886MHz)
   Minimum input arrival time before clock: 1.459ns
   Maximum output required time after clock: 0.904ns
   Maximum combinational path delay: No path found

Timing Details:
---------------
All values displayed in nanoseconds (ns)

=========================================================================
Timing constraint: Default period analysis for Clock 'clk'
  Clock period: 3.426ns (frequency: 291.886MHz)
  Total number of paths / destination ports: 761 / 35
-------------------------------------------------------------------------
Delay:               3.426ns (Levels of Logic = 2)
  Source:            cd1/curr_cnt_6 (FF)
  Destination:       cd1/curr_cnt_11 (FF)
  Source Clock:      clk rising
  Destination Clock: clk rising

  Data Path: cd1/curr_cnt_6 to cd1/curr_cnt_11
                                Gate     Net
    Cell:in->out      fanout   Delay   Delay  Logical Name (Net Name)
    ----------------------------------------  ------------
     FD:C->Q               2   0.478   0.945  curr_cnt_6 (curr_cnt_6)
     LUT6:I0->O           13   0.124   0.796  curr_cnt[31]_GND_2_o_equal_2_o<31>3 (curr_cnt[31]_GND_2_o_equal_2_o<31>2)
     LUT4:I1->O           11   0.124   0.465  curr_cnt[31]_GND_2_o_equal_2_o<31>5 (curr_cnt[31]_GND_2_o_equal_2_o)
     FDR:R                     0.494          curr_cnt_11
    ----------------------------------------
    Total                      3.426ns (1.220ns logic, 2.206ns route)
                                       (35.6% logic, 64.4% route)

=========================================================================
Timing constraint: Default period analysis for Clock 'clk_div'
  Clock period: 1.479ns (frequency: 676.133MHz)
  Total number of paths / destination ports: 10 / 4
-------------------------------------------------------------------------
Delay:               1.479ns (Levels of Logic = 2)
  Source:            cnt_out_0 (FF)
  Destination:       cnt_out_0 (FF)
  Source Clock:      clk_div rising
  Destination Clock: clk_div rising

  Data Path: cnt_out_0 to cnt_out_0
                                Gate     Net
    Cell:in->out      fanout   Delay   Delay  Logical Name (Net Name)
    ----------------------------------------  ------------
     FDC:C->Q              5   0.478   0.426  cnt_out_0 (cnt_out_0)
     begin scope: 'upc1:cnt_in<0>'
     INV:I->O              1   0.146   0.399  Madd_cnt_out_xor<0>11_INV_0 (cnt_out<0>)
     end scope: 'upc1:cnt_out<0>'
     FDC:D                     0.030          cnt_out_0
    ----------------------------------------
    Total                      1.479ns (0.654ns logic, 0.825ns route)
                                       (44.2% logic, 55.8% route)

=========================================================================
Timing constraint: Default OFFSET IN BEFORE for Clock 'clk_div'
  Total number of paths / destination ports: 4 / 4
-------------------------------------------------------------------------
Offset:              1.459ns (Levels of Logic = 2)
  Source:            rst (PAD)
  Destination:       cnt_out_0 (FF)
  Destination Clock: clk_div rising

  Data Path: rst to cnt_out_0
                                Gate     Net
    Cell:in->out      fanout   Delay   Delay  Logical Name (Net Name)
    ----------------------------------------  ------------
     IBUF:I->O             1   0.001   0.399  rst_IBUF (rst_IBUF)
     INV:I->O              4   0.146   0.419  rst_inv1_INV_0 (rst_inv)
     FDC:CLR                   0.494          cnt_out_0
    ----------------------------------------
    Total                      1.459ns (0.641ns logic, 0.818ns route)
                                       (43.9% logic, 56.1% route)

=========================================================================
Timing constraint: Default OFFSET OUT AFTER for Clock 'clk_div'
  Total number of paths / destination ports: 4 / 4
-------------------------------------------------------------------------
Offset:              0.904ns (Levels of Logic = 1)
  Source:            cnt_out_0 (FF)
  Destination:       cnt_out<0> (PAD)
  Source Clock:      clk_div rising

  Data Path: cnt_out_0 to cnt_out<0>
                                Gate     Net
    Cell:in->out      fanout   Delay   Delay  Logical Name (Net Name)
    ----------------------------------------  ------------
     FDC:C->Q              5   0.478   0.426  cnt_out_0 (cnt_out_0)
     OBUF:I->O                 0.000          cnt_out_0_OBUF (cnt_out<0>)
    ----------------------------------------
    Total                      0.904ns (0.478ns logic, 0.426ns route)
                                       (52.9% logic, 47.1% route)

=========================================================================

Cross Clock Domains Report:
--------------------------

Clock to Setup on destination clock clk
---------------+---------+---------+---------+---------+
               | Src:Rise| Src:Fall| Src:Rise| Src:Fall|
Source Clock   |Dest:Rise|Dest:Rise|Dest:Fall|Dest:Fall|
---------------+---------+---------+---------+---------+
clk            |    3.426|         |         |         |
---------------+---------+---------+---------+---------+

Clock to Setup on destination clock clk_div
---------------+---------+---------+---------+---------+
               | Src:Rise| Src:Fall| Src:Rise| Src:Fall|
Source Clock   |Dest:Rise|Dest:Rise|Dest:Fall|Dest:Fall|
---------------+---------+---------+---------+---------+
clk_div        |    1.479|         |         |         |
---------------+---------+---------+---------+---------+

=========================================================================


Total REAL time to Xst completion: 12.00 secs
Total CPU time to Xst completion: 11.96 secs
 
--> 

Total memory usage is 4689208 kilobytes

Number of errors   :    0 (   0 filtered)
Number of warnings :   11 (   0 filtered)
Number of infos    :    1 (   0 filtered)

