Release 14.7 - xst P.20131013 (nt64)
Copyright (c) 1995-2013 Xilinx, Inc.  All rights reserved.
--> Parameter TMPDIR set to xst/projnav.tmp


Total REAL time to Xst completion: 1.00 secs
Total CPU time to Xst completion: 0.06 secs
 
--> Parameter xsthdpdir set to xst


Total REAL time to Xst completion: 1.00 secs
Total CPU time to Xst completion: 0.06 secs
 
--> Reading design: regfile.prj

TABLE OF CONTENTS
  1) Synthesis Options Summary
  2) HDL Parsing
  3) HDL Elaboration
  4) HDL Synthesis
       4.1) HDL Synthesis Report
  5) Advanced HDL Synthesis
       5.1) Advanced HDL Synthesis Report
  6) Low Level Synthesis
  7) Partition Report
  8) Design Summary
       8.1) Primitive and Black Box Usage
       8.2) Device utilization summary
       8.3) Partition Resource Summary
       8.4) Timing Report
            8.4.1) Clock Information
            8.4.2) Asynchronous Control Signals Information
            8.4.3) Timing Summary
            8.4.4) Timing Details
            8.4.5) Cross Clock Domains Report


=========================================================================
*                      Synthesis Options Summary                        *
=========================================================================
---- Source Parameters
Input File Name                    : "regfile.prj"
Ignore Synthesis Constraint File   : NO

---- Target Parameters
Output File Name                   : "regfile"
Output Format                      : NGC
Target Device                      : xc7a100t-1-csg324

---- Source Options
Top Module Name                    : regfile
Automatic FSM Extraction           : YES
FSM Encoding Algorithm             : Auto
Safe Implementation                : No
FSM Style                          : LUT
RAM Extraction                     : Yes
RAM Style                          : Auto
ROM Extraction                     : Yes
Shift Register Extraction          : YES
ROM Style                          : Auto
Resource Sharing                   : YES
Asynchronous To Synchronous        : NO
Shift Register Minimum Size        : 2
Use DSP Block                      : Auto
Automatic Register Balancing       : No

---- Target Options
LUT Combining                      : Auto
Reduce Control Sets                : Auto
Add IO Buffers                     : YES
Global Maximum Fanout              : 100000
Add Generic Clock Buffer(BUFG)     : 32
Register Duplication               : YES
Optimize Instantiated Primitives   : NO
Use Clock Enable                   : Auto
Use Synchronous Set                : Auto
Use Synchronous Reset              : Auto
Pack IO Registers into IOBs        : Auto
Equivalent register Removal        : YES

---- General Options
Optimization Goal                  : Speed
Optimization Effort                : 1
Power Reduction                    : NO
Keep Hierarchy                     : No
Netlist Hierarchy                  : As_Optimized
RTL Output                         : Yes
Global Optimization                : AllClockNets
Read Cores                         : YES
Write Timing Constraints           : NO
Cross Clock Analysis               : NO
Hierarchy Separator                : /
Bus Delimiter                      : <>
Case Specifier                     : Maintain
Slice Utilization Ratio            : 100
BRAM Utilization Ratio             : 100
DSP48 Utilization Ratio            : 100
Auto BRAM Packing                  : NO
Slice Utilization Ratio Delta      : 5

=========================================================================


=========================================================================
*                          HDL Parsing                                  *
=========================================================================
Analyzing Verilog file "C:\Users\SHIVANI\Desktop\Processor\KGP_RISC\data_path\regfile\regfile\regfile.v" into library work
Parsing module <regfile>.

=========================================================================
*                            HDL Elaboration                            *
=========================================================================

Elaborating module <regfile>.

=========================================================================
*                           HDL Synthesis                               *
=========================================================================

Synthesizing Unit <regfile>.
    Related source file is "C:\Users\SHIVANI\Desktop\Processor\KGP_RISC\data_path\regfile\regfile\regfile.v".
    Found 1024-bit register for signal <n0044[1023:0]>.
    Found 32-bit 32-to-1 multiplexer for signal <read_data1> created at line 52.
    Found 32-bit 32-to-1 multiplexer for signal <read_data2> created at line 53.
    Summary:
	inferred 1024 D-type flip-flop(s).
	inferred  34 Multiplexer(s).
Unit <regfile> synthesized.

=========================================================================
HDL Synthesis Report

Macro Statistics
# Registers                                            : 1
 1024-bit register                                     : 1
# Multiplexers                                         : 34
 32-bit 2-to-1 multiplexer                             : 32
 32-bit 32-to-1 multiplexer                            : 2

=========================================================================

=========================================================================
*                       Advanced HDL Synthesis                          *
=========================================================================


=========================================================================
Advanced HDL Synthesis Report

Macro Statistics
# Registers                                            : 1024
 Flip-Flops                                            : 1024
# Multiplexers                                         : 34
 32-bit 2-to-1 multiplexer                             : 32
 32-bit 32-to-1 multiplexer                            : 2

=========================================================================

=========================================================================
*                         Low Level Synthesis                           *
=========================================================================

Optimizing unit <regfile> ...

Mapping all equations...
Building and optimizing final netlist ...
Found area constraint ratio of 100 (+ 5) on block regfile, actual ratio is 3.

Final Macro Processing ...

=========================================================================
Final Register Report

Macro Statistics
# Registers                                            : 1024
 Flip-Flops                                            : 1024

=========================================================================

=========================================================================
*                           Partition Report                            *
=========================================================================

Partition Implementation Status
-------------------------------

  No Partitions were found in this design.

-------------------------------

=========================================================================
*                            Design Summary                             *
=========================================================================

Top Level Output File Name         : regfile.ngc

Primitive and Black Box Usage:
------------------------------
# BELS                             : 1760
#      LUT3                        : 1024
#      LUT5                        : 32
#      LUT6                        : 640
#      MUXF7                       : 64
# FlipFlops/Latches                : 1024
#      FDRE                        : 1024
# Clock Buffers                    : 1
#      BUFGP                       : 1
# IO Buffers                       : 113
#      IBUF                        : 49
#      OBUF                        : 64

Device utilization summary:
---------------------------

Selected Device : 7a100tcsg324-1 


Slice Logic Utilization: 
 Number of Slice Registers:            1024  out of  126800     0%  
 Number of Slice LUTs:                 1696  out of  63400     2%  
    Number used as Logic:              1696  out of  63400     2%  

Slice Logic Distribution: 
 Number of LUT Flip Flop pairs used:   1696
   Number with an unused Flip Flop:     672  out of   1696    39%  
   Number with an unused LUT:             0  out of   1696     0%  
   Number of fully used LUT-FF pairs:  1024  out of   1696    60%  
   Number of unique control sets:         1

IO Utilization: 
 Number of IOs:                         114
 Number of bonded IOBs:                 114  out of    210    54%  

Specific Feature Utilization:
 Number of BUFG/BUFGCTRLs:                1  out of     32     3%  

---------------------------
Partition Resource Summary:
---------------------------

  No Partitions were found in this design.

---------------------------


=========================================================================
Timing Report

NOTE: THESE TIMING NUMBERS ARE ONLY A SYNTHESIS ESTIMATE.
      FOR ACCURATE TIMING INFORMATION PLEASE REFER TO THE TRACE REPORT
      GENERATED AFTER PLACE-and-ROUTE.

Clock Information:
------------------
-----------------------------------+------------------------+-------+
Clock Signal                       | Clock buffer(FF name)  | Load  |
-----------------------------------+------------------------+-------+
clk                                | BUFGP                  | 1024  |
-----------------------------------+------------------------+-------+

Asynchronous Control Signals Information:
----------------------------------------
No asynchronous control signals found in this design

Timing Summary:
---------------
Speed Grade: -1

   Minimum period: 1.067ns (Maximum Frequency: 937.207MHz)
   Minimum input arrival time before clock: 2.039ns
   Maximum output required time after clock: 3.059ns
   Maximum combinational path delay: 2.933ns

Timing Details:
---------------
All values displayed in nanoseconds (ns)

=========================================================================
Timing constraint: Default period analysis for Clock 'clk'
  Clock period: 1.067ns (frequency: 937.207MHz)
  Total number of paths / destination ports: 1024 / 1024
-------------------------------------------------------------------------
Delay:               1.067ns (Levels of Logic = 1)
  Source:            registers_0_0 (FF)
  Destination:       registers_0_0 (FF)
  Source Clock:      clk rising
  Destination Clock: clk rising

  Data Path: registers_0_0 to registers_0_0
                                Gate     Net
    Cell:in->out      fanout   Delay   Delay  Logical Name (Net Name)
    ----------------------------------------  ------------
     FDRE:C->Q             3   0.478   0.435  registers_0_0 (registers_0_0)
     LUT3:I2->O            1   0.124   0.000  Mmux_registers[0][31]_write_data[31]_mux_33_OUT11 (registers[0][31]_write_data[31]_mux_33_OUT<0>)
     FDRE:D                    0.030          registers_0_0
    ----------------------------------------
    Total                      1.067ns (0.632ns logic, 0.435ns route)
                                       (59.2% logic, 40.8% route)

=========================================================================
Timing constraint: Default OFFSET IN BEFORE for Clock 'clk'
  Total number of paths / destination ports: 8192 / 3072
-------------------------------------------------------------------------
Offset:              2.039ns (Levels of Logic = 3)
  Source:            write_reg<0> (PAD)
  Destination:       registers_0_0 (FF)
  Destination Clock: clk rising

  Data Path: write_reg<0> to registers_0_0
                                Gate     Net
    Cell:in->out      fanout   Delay   Delay  Logical Name (Net Name)
    ----------------------------------------  ------------
     IBUF:I->O            32   0.001   1.072  write_reg_0_IBUF (write_reg_0_IBUF)
     LUT5:I0->O           32   0.124   0.689  write_reg[4]_Decoder_1_OUT<3><4>1 (write_reg[4]_Decoder_1_OUT<3>)
     LUT3:I1->O            1   0.124   0.000  Mmux_registers[3][31]_write_data[31]_mux_30_OUT321 (registers[3][31]_write_data[31]_mux_30_OUT<9>)
     FDRE:D                    0.030          registers_0_105
    ----------------------------------------
    Total                      2.039ns (0.279ns logic, 1.760ns route)
                                       (13.7% logic, 86.3% route)

=========================================================================
Timing constraint: Default OFFSET OUT AFTER for Clock 'clk'
  Total number of paths / destination ports: 2048 / 64
-------------------------------------------------------------------------
Offset:              3.059ns (Levels of Logic = 4)
  Source:            registers_0_863 (FF)
  Destination:       read_data1<31> (PAD)
  Source Clock:      clk rising

  Data Path: registers_0_863 to read_data1<31>
                                Gate     Net
    Cell:in->out      fanout   Delay   Delay  Logical Name (Net Name)
    ----------------------------------------  ------------
     FDRE:C->Q             3   0.478   0.790  registers_0_863 (registers_0_863)
     LUT6:I2->O            1   0.124   0.776  Mmux_read_data1_873 (Mmux_read_data1_873)
     LUT6:I2->O            1   0.124   0.000  Mmux_read_data1_324 (Mmux_read_data1_324)
     MUXF7:I1->O           1   0.368   0.399  Mmux_read_data1_2_f7_23 (read_data1_31_OBUF)
     OBUF:I->O                 0.000          read_data1_31_OBUF (read_data1<31>)
    ----------------------------------------
    Total                      3.059ns (1.094ns logic, 1.965ns route)
                                       (35.8% logic, 64.2% route)

=========================================================================
Timing constraint: Default path analysis
  Total number of paths / destination ports: 1344 / 64
-------------------------------------------------------------------------
Delay:               2.933ns (Levels of Logic = 5)
  Source:            read_reg1<1> (PAD)
  Destination:       read_data1<31> (PAD)

  Data Path: read_reg1<1> to read_data1<31>
                                Gate     Net
    Cell:in->out      fanout   Delay   Delay  Logical Name (Net Name)
    ----------------------------------------  ------------
     IBUF:I->O           256   0.001   1.141  read_reg1_1_IBUF (read_reg1_1_IBUF)
     LUT6:I0->O            1   0.124   0.776  Mmux_read_data1_81 (Mmux_read_data1_81)
     LUT6:I2->O            1   0.124   0.000  Mmux_read_data1_3 (Mmux_read_data1_3)
     MUXF7:I1->O           1   0.368   0.399  Mmux_read_data1_2_f7 (read_data1_0_OBUF)
     OBUF:I->O                 0.000          read_data1_0_OBUF (read_data1<0>)
    ----------------------------------------
    Total                      2.933ns (0.617ns logic, 2.316ns route)
                                       (21.0% logic, 79.0% route)

=========================================================================

Cross Clock Domains Report:
--------------------------

Clock to Setup on destination clock clk
---------------+---------+---------+---------+---------+
               | Src:Rise| Src:Fall| Src:Rise| Src:Fall|
Source Clock   |Dest:Rise|Dest:Rise|Dest:Fall|Dest:Fall|
---------------+---------+---------+---------+---------+
clk            |    1.067|         |         |         |
---------------+---------+---------+---------+---------+

=========================================================================


Total REAL time to Xst completion: 8.00 secs
Total CPU time to Xst completion: 7.19 secs
 
--> 

Total memory usage is 4695152 kilobytes

Number of errors   :    0 (   0 filtered)
Number of warnings :    0 (   0 filtered)
Number of infos    :    0 (   0 filtered)

